<?xml version="1.0" encoding="UTF-8"?>
<!-- Generated by org.testng.reporters.JUnitReportReporter -->
<testsuite hostname="LTIN192554" failures="0" tests="2" name="TestCase.TestCase2_UsedCarsDetails" time="145.553" errors="0" timestamp="2024-02-12T11:15:10 IST" skipped="0">
  <testcase classname="TestCase.TestCase2_UsedCarsDetails" name="UsedCarDetails" time="72.917"/>
  <testcase classname="TestCase.TestCase2_UsedCarsDetails" name="UsedCarDetails" time="72.636"/>
</testsuite> <!-- TestCase.TestCase2_UsedCarsDetails -->
