<?xml version="1.0" encoding="UTF-8"?>
<!-- Generated by org.testng.reporters.JUnitReportReporter -->
<testsuite hostname="LTIN192554" failures="0" tests="2" name="TestCase.TestCase3_GoogleLogin" time="13.187" errors="0" timestamp="2024-02-12T11:15:10 IST" skipped="0">
  <testcase classname="TestCase.TestCase3_GoogleLogin" name="verifyLoginPage" time="7.237"/>
  <testcase classname="TestCase.TestCase3_GoogleLogin" name="verifyLoginPage" time="5.950"/>
</testsuite> <!-- TestCase.TestCase3_GoogleLogin -->
