<?xml version="1.0" encoding="UTF-8"?>
<!-- Generated by org.testng.reporters.JUnitReportReporter -->
<testsuite hostname="LTIN192554" failures="0" tests="2" name="TestCase.TestCase4_GoogleSignup" time="35.585" errors="0" timestamp="2024-02-12T11:15:10 IST" skipped="0">
  <testcase classname="TestCase.TestCase4_GoogleSignup" name="verifyLoginPage" time="28.000"/>
  <testcase classname="TestCase.TestCase4_GoogleSignup" name="verifyLoginPage" time="7.585"/>
</testsuite> <!-- TestCase.TestCase4_GoogleSignup -->
