<?xml version="1.0" encoding="UTF-8"?>
<!-- Generated by org.testng.reporters.JUnitReportReporter -->
<testsuite hostname="LTIN192554" failures="0" tests="4" name="TestCase.TestCase1_UpcomingBikeDetails" time="172.097" errors="0" timestamp="2024-02-12T11:15:10 IST" skipped="0">
  <testcase classname="TestCase.TestCase1_UpcomingBikeDetails" name="clickNewBikes" time="37.206"/>
  <testcase classname="TestCase.TestCase1_UpcomingBikeDetails" name="clickNewBikes" time="41.574"/>
  <testcase classname="TestCase.TestCase1_UpcomingBikeDetails" name="clickUpcomingBikes" time="45.218"/>
  <testcase classname="TestCase.TestCase1_UpcomingBikeDetails" name="clickUpcomingBikes" time="48.099"/>
</testsuite> <!-- TestCase.TestCase1_UpcomingBikeDetails -->
